<?xml version="1.0" encoding="UTF-8"?>
<testsuite xmlns:xsi="http://www.w3.org/2001/XMLSchema-instance" xsi:noNamespaceSchemaLocation="https://maven.apache.org/surefire/maven-surefire-plugin/xsd/surefire-test-report-3.0.xsd" version="3.0" name="uni.lu.CalculatorTest" time="0.309" tests="4" errors="0" skipped="0" failures="0">
  <properties>
[...]
</properties>
  <testcase name="substract4By2" classname="uni.lu.CalculatorTest" time="0.114"/>
  <testcase name="add2And2" classname="uni.lu.CalculatorTest" time="0.019"/>
  <testcase name="add4And15" classname="uni.lu.CalculatorTest" time="0.004"/>
  <testcase name="multiply2And2" classname="uni.lu.CalculatorTest" time="0.004"/>
</testsuite>